<?xml version="1.0" encoding="UTF-8"?>
<coverage generated="1776912775080" clover="3.2.0">
  <project timestamp="1776912775080" name="All files">
    <metrics statements="9" coveredstatements="9" conditionals="0" coveredconditionals="0" methods="7" coveredmethods="7" elements="16" coveredelements="16" complexity="0" loc="9" ncloc="9" packages="1" files="5" classes="5"/>
    <file name="App.jsx" path="/workspaces/react-testing/src/App.jsx">
      <metrics statements="1" coveredstatements="1" conditionals="0" coveredconditionals="0" methods="1" coveredmethods="1"/>
      <line num="2" count="1" type="stmt"/>
    </file>
    <file name="Button.jsx" path="/workspaces/react-testing/src/Button.jsx">
      <metrics statements="3" coveredstatements="3" conditionals="0" coveredconditionals="0" methods="2" coveredmethods="2"/>
      <line num="4" count="2" type="stmt"/>
      <line num="5" count="2" type="stmt"/>
      <line num="7" count="1" type="stmt"/>
    </file>
    <file name="Image.jsx" path="/workspaces/react-testing/src/Image.jsx">
      <metrics statements="1" coveredstatements="1" conditionals="0" coveredconditionals="0" methods="1" coveredmethods="1"/>
      <line num="2" count="1" type="stmt"/>
    </file>
    <file name="Input.jsx" path="/workspaces/react-testing/src/Input.jsx">
      <metrics statements="3" coveredstatements="3" conditionals="0" coveredconditionals="0" methods="2" coveredmethods="2"/>
      <line num="4" count="6" type="stmt"/>
      <line num="5" count="6" type="stmt"/>
      <line num="8" count="2" type="stmt"/>
    </file>
    <file name="sum.jsx" path="/workspaces/react-testing/src/sum.jsx">
      <metrics statements="1" coveredstatements="1" conditionals="0" coveredconditionals="0" methods="1" coveredmethods="1"/>
      <line num="2" count="1" type="stmt"/>
    </file>
  </project>
</coverage>
