{"/workspaces/react-testing/src/App.jsx": {"path":"/workspaces/react-testing/src/App.jsx","statementMap":{"0":{"start":{"line":2,"column":2},"end":{"line":2,"column":30}}},"fnMap":{"0":{"name":"App","decl":{"start":{"line":1,"column":9},"end":{"line":1,"column":12}},"loc":{"start":{"line":1,"column":15},"end":{"line":3,"column":1}},"line":1}},"branchMap":{},"s":{"0":1},"f":{"0":1},"b":{},"_coverageSchema":"1a1c01bbd47fc00a2c39e90264f33305004495a9","hash":"7e31a73d4a384df4a0b7442af9fbd1b5227c7e67"}
,"/workspaces/react-testing/src/Button.jsx": {"path":"/workspaces/react-testing/src/Button.jsx","statementMap":{"0":{"start":{"line":4,"column":27},"end":{"line":4,"column":44}},"1":{"start":{"line":5,"column":4},"end":{"line":10,"column":5}},"2":{"start":{"line":7,"column":33},"end":{"line":7,"column":51}}},"fnMap":{"0":{"name":"Button","decl":{"start":{"line":3,"column":9},"end":{"line":3,"column":15}},"loc":{"start":{"line":3,"column":17},"end":{"line":11,"column":1}},"line":3},"1":{"name":"(anonymous_1)","decl":{"start":{"line":7,"column":29},"end":{"line":7,"column":30}},"loc":{"start":{"line":7,"column":33},"end":{"line":7,"column":51}},"line":7}},"branchMap":{},"s":{"0":2,"1":2,"2":1},"f":{"0":2,"1":1},"b":{},"_coverageSchema":"1a1c01bbd47fc00a2c39e90264f33305004495a9","hash":"e7d16dc556027e6a28bf775a4bb0d98f9b34223d"}
,"/workspaces/react-testing/src/Image.jsx": {"path":"/workspaces/react-testing/src/Image.jsx","statementMap":{"0":{"start":{"line":2,"column":4},"end":{"line":7,"column":5}}},"fnMap":{"0":{"name":"Image","decl":{"start":{"line":1,"column":9},"end":{"line":1,"column":14}},"loc":{"start":{"line":1,"column":16},"end":{"line":8,"column":1}},"line":1}},"branchMap":{},"s":{"0":1},"f":{"0":1},"b":{},"_coverageSchema":"1a1c01bbd47fc00a2c39e90264f33305004495a9","hash":"ce59725e9ab1dd86056179da33a9b7377dc43aec"}
,"/workspaces/react-testing/src/Input.jsx": {"path":"/workspaces/react-testing/src/Input.jsx","statementMap":{"0":{"start":{"line":4,"column":30},"end":{"line":4,"column":42}},"1":{"start":{"line":5,"column":4},"end":{"line":10,"column":5}},"2":{"start":{"line":8,"column":41},"end":{"line":8,"column":65}}},"fnMap":{"0":{"name":"Input","decl":{"start":{"line":3,"column":9},"end":{"line":3,"column":14}},"loc":{"start":{"line":3,"column":16},"end":{"line":11,"column":1}},"line":3},"1":{"name":"(anonymous_1)","decl":{"start":{"line":8,"column":36},"end":{"line":8,"column":37}},"loc":{"start":{"line":8,"column":41},"end":{"line":8,"column":65}},"line":8}},"branchMap":{},"s":{"0":6,"1":6,"2":2},"f":{"0":6,"1":2},"b":{},"_coverageSchema":"1a1c01bbd47fc00a2c39e90264f33305004495a9","hash":"857fc4ab5c382bd9a0ee01f401abf4ed961c26d5"}
,"/workspaces/react-testing/src/sum.jsx": {"path":"/workspaces/react-testing/src/sum.jsx","statementMap":{"0":{"start":{"line":2,"column":4},"end":{"line":2,"column":14}}},"fnMap":{"0":{"name":"sum","decl":{"start":{"line":1,"column":9},"end":{"line":1,"column":12}},"loc":{"start":{"line":1,"column":17},"end":{"line":3,"column":1}},"line":1}},"branchMap":{},"s":{"0":1},"f":{"0":1},"b":{},"_coverageSchema":"1a1c01bbd47fc00a2c39e90264f33305004495a9","hash":"d9a0fd5c009e32957defef80767db1af272bda6c"}
}
