TN:
SF:src/App.jsx
FN:1,App
FNF:1
FNH:1
FNDA:1,App
DA:2,1
LF:1
LH:1
BRF:0
BRH:0
end_of_record
TN:
SF:src/Button.jsx
FN:3,Button
FN:7,(anonymous_1)
FNF:2
FNH:2
FNDA:2,Button
FNDA:1,(anonymous_1)
DA:4,2
DA:5,2
DA:7,1
LF:3
LH:3
BRF:0
BRH:0
end_of_record
TN:
SF:src/Image.jsx
FN:1,Image
FNF:1
FNH:1
FNDA:1,Image
DA:2,1
LF:1
LH:1
BRF:0
BRH:0
end_of_record
TN:
SF:src/Input.jsx
FN:3,Input
FN:8,(anonymous_1)
FNF:2
FNH:2
FNDA:6,Input
FNDA:2,(anonymous_1)
DA:4,6
DA:5,6
DA:8,2
LF:3
LH:3
BRF:0
BRH:0
end_of_record
TN:
SF:src/sum.jsx
FN:1,sum
FNF:1
FNH:1
FNDA:1,sum
DA:2,1
LF:1
LH:1
BRF:0
BRH:0
end_of_record
